<html>
<head>
<title>TestNG:  Default test</title>
<link href="../testng.css" rel="stylesheet" type="text/css" />
<link href="../my-testng.css" rel="stylesheet" type="text/css" />

<style type="text/css">
.log { display: none;} 
.stack-trace { display: none;} 
</style>
<script type="text/javascript">
<!--
function flip(e) {
  current = e.style.display;
  if (current == 'block') {
    e.style.display = 'none';
    return 0;
  }
  else {
    e.style.display = 'block';
    return 1;
  }
}

function toggleBox(szDivId, elem, msg1, msg2)
{
  var res = -1;  if (document.getElementById) {
    res = flip(document.getElementById(szDivId));
  }
  else if (document.all) {
    // this is the way old msie versions work
    res = flip(document.all[szDivId]);
  }
  if(elem) {
    if(res == 0) elem.innerHTML = msg1; else elem.innerHTML = msg2;
  }

}

function toggleAllBoxes() {
  if (document.getElementsByTagName) {
    d = document.getElementsByTagName('div');
    for (i = 0; i < d.length; i++) {
      if (d[i].className == 'log') {
        flip(d[i]);
      }
    }
  }
}

// -->
</script>

</head>
<body>
<h2 align='center'>Default test</h2><table border='1' align="center">
<tr>
<td>Tests passed/Failed/Skipped:</td><td>21/0/0</td>
</tr><tr>
<td>Started on:</td><td>Sat Oct 04 11:34:03 IST 2025</td>
</tr>
<tr><td>Total time:</td><td>0 seconds (147 ms)</td>
</tr><tr>
<td>Included groups:</td><td></td>
</tr><tr>
<td>Excluded groups:</td><td></td>
</tr>
</table><p/>
<small><i>(Hover the method name to see the test class name)</i></small><p/>
<table width='100%' border='1' class='invocation-passed'>
<tr><td colspan='4' align='center'><b>PASSED TESTS</b></td></tr>
<tr><td><b>Test method</b></td>
<td><b>Attribute(s)</b></td>
<td width="30%"><b>Exception</b></td>
<td width="10%"><b>Time (seconds)</b></td>
<td><b>Instance</b></td>
</tr>
<tr>
<td title='com.taskmanager.service.TaskServiceTests.testUpdateNonExistingTaskThrows()'><b>testUpdateNonExistingTaskThrows</b><br>Test class: com.taskmanager.service.TaskServiceTests</td>
<td><div><pre>com.taskmanager.exception.TaskNotFoundException: Task not found.
	at com.taskmanager.service.TaskService.updateTask(TaskService.java:28)
	at com.taskmanager.service.TaskServiceTests.testUpdateNonExistingTaskThrows(TaskServiceTests.java:92)
	at java.base/jdk.internal.reflect.NativeMethodAccessorImpl.invoke0(Native Method)
	at java.base/jdk.internal.reflect.NativeMethodAccessorImpl.invoke(NativeMethodAccessorImpl.java:77)
	at java.base/jdk.internal.reflect.DelegatingMethodAccessorImpl.invoke(DelegatingMethodAccessorImpl.java:43)
	at java.base/java.lang.reflect.Method.invoke(Method.java:568)
	at org.testng.internal.invokers.MethodInvocationHelper.invokeMethod(MethodInvocationHelper.java:139)
	at org.testng.internal.invokers.TestInvoker.invokeMethod(TestInvoker.java:677)
	at org.testng.internal.invokers.TestInvoker.invokeTestMethod(TestInvoker.java:221)
	at org.testng.internal.invokers.MethodRunner.runInSequence(MethodRunner.java:50)
	at org.testng.internal.invokers.TestInvoker$MethodInvocationAgent.invoke(TestInvoker.java:969)
	at org.testng.internal.invokers.TestInvoker.invokeTestMethods(TestInvoker.java:194)
	at org.testng.internal.invokers.TestMethodWorker.invokeTestMethods(TestMethodWorker.java:148)
	at org.testng.internal.invokers.TestMethodWorker.run(TestMethodWorker.java:128)
	at java.base/java.util.ArrayList.forEach(ArrayList.java:1511)
	at org.testng.TestRunner.privateRun(TestRunner.java:829)
	at org.testng.TestRunner.run(TestRunner.java:602)
	at org.testng.SuiteRunner.runTest(SuiteRunner.java:437)
	at org.testng.SuiteRunner.runSequentially(SuiteRunner.java:431)
	at org.testng.SuiteRunner.privateRun(SuiteRunner.java:391)
	at org.testng.SuiteRunner.run(SuiteRunner.java:330)
	at org.testng.SuiteRunnerWorker.runSuite(SuiteRunnerWorker.java:52)
	at org.testng.SuiteRunnerWorker.run(SuiteRunnerWorker.java:95)
	at org.testng.TestNG.runSuitesSequentially(TestNG.java:1256)
	at org.testng.TestNG.runSuitesLocally(TestNG.java:1176)
	at org.testng.TestNG.runSuites(TestNG.java:1099)
	at org.testng.TestNG.run(TestNG.java:1067)
	at org.testng.remote.AbstractRemoteTestNG.run(AbstractRemoteTestNG.java:115)
	at org.testng.remote.RemoteTestNG.initAndRun(RemoteTestNG.java:293)
	at org.testng.remote.RemoteTestNG.main(RemoteTestNG.java:91)
</pre></div><a href='#' onClick='toggleBox("stack-trace1863953433", this, "Click to show all stack frames", "Click to hide stack frames")'>Click to show all stack frames</a>
<div class='stack-trace' id='stack-trace1863953433'><pre>com.taskmanager.exception.TaskNotFoundException: Task not found.
	at com.taskmanager.service.TaskService.updateTask(TaskService.java:28)
	at com.taskmanager.service.TaskServiceTests.testUpdateNonExistingTaskThrows(TaskServiceTests.java:92)
	at java.base/jdk.internal.reflect.NativeMethodAccessorImpl.invoke0(Native Method)
	at java.base/jdk.internal.reflect.NativeMethodAccessorImpl.invoke(NativeMethodAccessorImpl.java:77)
	at java.base/jdk.internal.reflect.DelegatingMethodAccessorImpl.invoke(DelegatingMethodAccessorImpl.java:43)
	at java.base/java.lang.reflect.Method.invoke(Method.java:568)
	at org.testng.internal.invokers.MethodInvocationHelper.invokeMethod(MethodInvocationHelper.java:139)
	at org.testng.internal.invokers.TestInvoker.invokeMethod(TestInvoker.java:677)
	at org.testng.internal.invokers.TestInvoker.invokeTestMethod(TestInvoker.java:221)
	at org.testng.internal.invokers.MethodRunner.runInSequence(MethodRunner.java:50)
	at org.testng.internal.invokers.TestInvoker$MethodInvocationAgent.invoke(TestInvoker.java:969)
	at org.testng.internal.invokers.TestInvoker.invokeTestMethods(TestInvoker.java:194)
	at org.testng.internal.invokers.TestMethodWorker.invokeTestMethods(TestMethodWorker.java:148)
	at org.testng.internal.invokers.TestMethodWorker.run(TestMethodWorker.java:128)
	at java.base/java.util.ArrayList.forEach(ArrayList.java:1511)
	at org.testng.TestRunner.privateRun(TestRunner.java:829)
	at org.testng.TestRunner.run(TestRunner.java:602)
	at org.testng.SuiteRunner.runTest(SuiteRunner.java:437)
	at org.testng.SuiteRunner.runSequentially(SuiteRunner.java:431)
	at org.testng.SuiteRunner.privateRun(SuiteRunner.java:391)
	at org.testng.SuiteRunner.run(SuiteRunner.java:330)
	at org.testng.SuiteRunnerWorker.runSuite(SuiteRunnerWorker.java:52)
	at org.testng.SuiteRunnerWorker.run(SuiteRunnerWorker.java:95)
	at org.testng.TestNG.runSuitesSequentially(TestNG.java:1256)
	at org.testng.TestNG.runSuitesLocally(TestNG.java:1176)
	at org.testng.TestNG.runSuites(TestNG.java:1099)
	at org.testng.TestNG.run(TestNG.java:1067)
	at org.testng.remote.AbstractRemoteTestNG.run(AbstractRemoteTestNG.java:115)
	at org.testng.remote.RemoteTestNG.initAndRun(RemoteTestNG.java:293)
	at org.testng.remote.RemoteTestNG.main(RemoteTestNG.java:91)
</pre></div></td>
<td>0</td>
<td>com.taskmanager.service.TaskServiceTests@1a5b6f42</td></tr>
<tr>
<td title='com.taskmanager.util.DateValidatorTest.testParseDate()'><b>testParseDate</b><br>Test class: com.taskmanager.util.DateValidatorTest<br>Parameters: 2025-13-01, false</td>
<td></td>
<td>0</td>
<td>com.taskmanager.util.DateValidatorTest@a8ef162</td></tr>
<tr>
<td title='com.taskmanager.util.DateValidatorTest.testParseDate()'><b>testParseDate</b><br>Test class: com.taskmanager.util.DateValidatorTest<br>Parameters: 2024-02-29, true</td>
<td></td>
<td>0</td>
<td>com.taskmanager.util.DateValidatorTest@a8ef162</td></tr>
<tr>
<td title='com.taskmanager.service.TaskServiceTests.testDeleteTaskAndEnsureRemoval()'><b>testDeleteTaskAndEnsureRemoval</b><br>Test class: com.taskmanager.service.TaskServiceTests</td>
<td></td>
<td>0</td>
<td>com.taskmanager.service.TaskServiceTests@1a5b6f42</td></tr>
<tr>
<td title='com.taskmanager.service.ReportServiceTests.testPrioritySummary()'><b>testPrioritySummary</b><br>Test class: com.taskmanager.service.ReportServiceTests</td>
<td></td>
<td>0</td>
<td>com.taskmanager.service.ReportServiceTests@3214ee6</td></tr>
<tr>
<td title='com.taskmanager.service.TaskServiceTests.testCreateTask()'><b>testCreateTask</b><br>Test class: com.taskmanager.service.TaskServiceTests</td>
<td></td>
<td>0</td>
<td>com.taskmanager.service.TaskServiceTests@1a5b6f42</td></tr>
<tr>
<td title='com.taskmanager.service.TaskServiceTests.testCreateTaskWithDifferentPriorities()'><b>testCreateTaskWithDifferentPriorities</b><br>Test class: com.taskmanager.service.TaskServiceTests<br>Parameters: Gardening, Gardening and Cleaning, 2025-10-07, LOW</td>
<td></td>
<td>0</td>
<td>com.taskmanager.service.TaskServiceTests@1a5b6f42</td></tr>
<tr>
<td title='com.taskmanager.service.TaskServiceTests.testDueDateValidation()'><b>testDueDateValidation</b><br>Test class: com.taskmanager.service.TaskServiceTests<br>Parameters: 2025-10-03, true</td>
<td></td>
<td>0</td>
<td>com.taskmanager.service.TaskServiceTests@1a5b6f42</td></tr>
<tr>
<td title='com.taskmanager.service.TaskServiceTests.testUpdateTask()'><b>testUpdateTask</b><br>Test class: com.taskmanager.service.TaskServiceTests</td>
<td></td>
<td>0</td>
<td>com.taskmanager.service.TaskServiceTests@1a5b6f42</td></tr>
<tr>
<td title='com.taskmanager.service.TaskServiceTests.testTaskWithLargeDescription()'><b>testTaskWithLargeDescription</b><br>Test class: com.taskmanager.service.TaskServiceTests</td>
<td></td>
<td>0</td>
<td>com.taskmanager.service.TaskServiceTests@1a5b6f42</td></tr>
<tr>
<td title='com.taskmanager.service.TaskServiceTests.testCreateTaskWithDifferentPriorities()'><b>testCreateTaskWithDifferentPriorities</b><br>Test class: com.taskmanager.service.TaskServiceTests<br>Parameters: Laundry, Washing Clothes, 2025-10-06, MEDIUM</td>
<td></td>
<td>0</td>
<td>com.taskmanager.service.TaskServiceTests@1a5b6f42</td></tr>
<tr>
<td title='com.taskmanager.service.TaskServiceTests.testDuplicateTaskCreationThrows()'><b>testDuplicateTaskCreationThrows</b><br>Test class: com.taskmanager.service.TaskServiceTests</td>
<td><div><pre>com.taskmanager.exception.DuplicateTaskException: Duplicate task detected.
	at com.taskmanager.service.TaskService.createTask(TaskService.java:20)
	at com.taskmanager.service.TaskServiceTests.testDuplicateTaskCreationThrows(TaskServiceTests.java:80)
	at java.base/jdk.internal.reflect.NativeMethodAccessorImpl.invoke0(Native Method)
	at java.base/jdk.internal.reflect.NativeMethodAccessorImpl.invoke(NativeMethodAccessorImpl.java:77)
	at java.base/jdk.internal.reflect.DelegatingMethodAccessorImpl.invoke(DelegatingMethodAccessorImpl.java:43)
	at java.base/java.lang.reflect.Method.invoke(Method.java:568)
	at org.testng.internal.invokers.MethodInvocationHelper.invokeMethod(MethodInvocationHelper.java:139)
	at org.testng.internal.invokers.TestInvoker.invokeMethod(TestInvoker.java:677)
	at org.testng.internal.invokers.TestInvoker.invokeTestMethod(TestInvoker.java:221)
	at org.testng.internal.invokers.MethodRunner.runInSequence(MethodRunner.java:50)
	at org.testng.internal.invokers.TestInvoker$MethodInvocationAgent.invoke(TestInvoker.java:969)
	at org.testng.internal.invokers.TestInvoker.invokeTestMethods(TestInvoker.java:194)
	at org.testng.internal.invokers.TestMethodWorker.invokeTestMethods(TestMethodWorker.java:148)
	at org.testng.internal.invokers.TestMethodWorker.run(TestMethodWorker.java:128)
	at java.base/java.util.ArrayList.forEach(ArrayList.java:1511)
	at org.testng.TestRunner.privateRun(TestRunner.java:829)
	at org.testng.TestRunner.run(TestRunner.java:602)
	at org.testng.SuiteRunner.runTest(SuiteRunner.java:437)
	at org.testng.SuiteRunner.runSequentially(SuiteRunner.java:431)
	at org.testng.SuiteRunner.privateRun(SuiteRunner.java:391)
	at org.testng.SuiteRunner.run(SuiteRunner.java:330)
	at org.testng.SuiteRunnerWorker.runSuite(SuiteRunnerWorker.java:52)
	at org.testng.SuiteRunnerWorker.run(SuiteRunnerWorker.java:95)
	at org.testng.TestNG.runSuitesSequentially(TestNG.java:1256)
	at org.testng.TestNG.runSuitesLocally(TestNG.java:1176)
	at org.testng.TestNG.runSuites(TestNG.java:1099)
	at org.testng.TestNG.run(TestNG.java:1067)
	at org.testng.remote.AbstractRemoteTestNG.run(AbstractRemoteTestNG.java:115)
	at org.testng.remote.RemoteTestNG.initAndRun(RemoteTestNG.java:293)
	at org.testng.remote.RemoteTestNG.main(RemoteTestNG.java:91)
</pre></div><a href='#' onClick='toggleBox("stack-trace2095788421", this, "Click to show all stack frames", "Click to hide stack frames")'>Click to show all stack frames</a>
<div class='stack-trace' id='stack-trace2095788421'><pre>com.taskmanager.exception.DuplicateTaskException: Duplicate task detected.
	at com.taskmanager.service.TaskService.createTask(TaskService.java:20)
	at com.taskmanager.service.TaskServiceTests.testDuplicateTaskCreationThrows(TaskServiceTests.java:80)
	at java.base/jdk.internal.reflect.NativeMethodAccessorImpl.invoke0(Native Method)
	at java.base/jdk.internal.reflect.NativeMethodAccessorImpl.invoke(NativeMethodAccessorImpl.java:77)
	at java.base/jdk.internal.reflect.DelegatingMethodAccessorImpl.invoke(DelegatingMethodAccessorImpl.java:43)
	at java.base/java.lang.reflect.Method.invoke(Method.java:568)
	at org.testng.internal.invokers.MethodInvocationHelper.invokeMethod(MethodInvocationHelper.java:139)
	at org.testng.internal.invokers.TestInvoker.invokeMethod(TestInvoker.java:677)
	at org.testng.internal.invokers.TestInvoker.invokeTestMethod(TestInvoker.java:221)
	at org.testng.internal.invokers.MethodRunner.runInSequence(MethodRunner.java:50)
	at org.testng.internal.invokers.TestInvoker$MethodInvocationAgent.invoke(TestInvoker.java:969)
	at org.testng.internal.invokers.TestInvoker.invokeTestMethods(TestInvoker.java:194)
	at org.testng.internal.invokers.TestMethodWorker.invokeTestMethods(TestMethodWorker.java:148)
	at org.testng.internal.invokers.TestMethodWorker.run(TestMethodWorker.java:128)
	at java.base/java.util.ArrayList.forEach(ArrayList.java:1511)
	at org.testng.TestRunner.privateRun(TestRunner.java:829)
	at org.testng.TestRunner.run(TestRunner.java:602)
	at org.testng.SuiteRunner.runTest(SuiteRunner.java:437)
	at org.testng.SuiteRunner.runSequentially(SuiteRunner.java:431)
	at org.testng.SuiteRunner.privateRun(SuiteRunner.java:391)
	at org.testng.SuiteRunner.run(SuiteRunner.java:330)
	at org.testng.SuiteRunnerWorker.runSuite(SuiteRunnerWorker.java:52)
	at org.testng.SuiteRunnerWorker.run(SuiteRunnerWorker.java:95)
	at org.testng.TestNG.runSuitesSequentially(TestNG.java:1256)
	at org.testng.TestNG.runSuitesLocally(TestNG.java:1176)
	at org.testng.TestNG.runSuites(TestNG.java:1099)
	at org.testng.TestNG.run(TestNG.java:1067)
	at org.testng.remote.AbstractRemoteTestNG.run(AbstractRemoteTestNG.java:115)
	at org.testng.remote.RemoteTestNG.initAndRun(RemoteTestNG.java:293)
	at org.testng.remote.RemoteTestNG.main(RemoteTestNG.java:91)
</pre></div></td>
<td>0</td>
<td>com.taskmanager.service.TaskServiceTests@1a5b6f42</td></tr>
<tr>
<td title='com.taskmanager.service.TaskServiceTests.testDueDateValidation()'><b>testDueDateValidation</b><br>Test class: com.taskmanager.service.TaskServiceTests<br>Parameters: 2025-10-05, false</td>
<td></td>
<td>0</td>
<td>com.taskmanager.service.TaskServiceTests@1a5b6f42</td></tr>
<tr>
<td title='com.taskmanager.service.TaskServiceTests.testCreateTaskWithDifferentPriorities()'><b>testCreateTaskWithDifferentPriorities</b><br>Test class: com.taskmanager.service.TaskServiceTests<br>Parameters: Badminton, Play Badminton, 2025-10-05, HIGH</td>
<td></td>
<td>0</td>
<td>com.taskmanager.service.TaskServiceTests@1a5b6f42</td></tr>
<tr>
<td title='com.taskmanager.service.ReportServiceTests.testStatusSummary()'><b>testStatusSummary</b><br>Test class: com.taskmanager.service.ReportServiceTests</td>
<td></td>
<td>0</td>
<td>com.taskmanager.service.ReportServiceTests@3214ee6</td></tr>
<tr>
<td title='com.taskmanager.service.TaskServiceTests.testCreateTaskWithEmptyTitleThrows()'><b>testCreateTaskWithEmptyTitleThrows</b><br>Test class: com.taskmanager.service.TaskServiceTests</td>
<td><div><pre>com.taskmanager.exception.TaskValidationException: Title is required.
	at com.taskmanager.util.TaskValidator.validate(TaskValidator.java:11)
	at com.taskmanager.service.TaskService.validateTask(TaskService.java:57)
	at com.taskmanager.service.TaskService.createTask(TaskService.java:16)
	at com.taskmanager.service.TaskServiceTests.testCreateTaskWithEmptyTitleThrows(TaskServiceTests.java:86)
	at java.base/jdk.internal.reflect.NativeMethodAccessorImpl.invoke0(Native Method)
	at java.base/jdk.internal.reflect.NativeMethodAccessorImpl.invoke(NativeMethodAccessorImpl.java:77)
	at java.base/jdk.internal.reflect.DelegatingMethodAccessorImpl.invoke(DelegatingMethodAccessorImpl.java:43)
	at java.base/java.lang.reflect.Method.invoke(Method.java:568)
	at org.testng.internal.invokers.MethodInvocationHelper.invokeMethod(MethodInvocationHelper.java:139)
	at org.testng.internal.invokers.TestInvoker.invokeMethod(TestInvoker.java:677)
	at org.testng.internal.invokers.TestInvoker.invokeTestMethod(TestInvoker.java:221)
	at org.testng.internal.invokers.MethodRunner.runInSequence(MethodRunner.java:50)
	at org.testng.internal.invokers.TestInvoker$MethodInvocationAgent.invoke(TestInvoker.java:969)
	at org.testng.internal.invokers.TestInvoker.invokeTestMethods(TestInvoker.java:194)
	at org.testng.internal.invokers.TestMethodWorker.invokeTestMethods(TestMethodWorker.java:148)
	at org.testng.internal.invokers.TestMethodWorker.run(TestMethodWorker.java:128)
	at java.base/java.util.ArrayList.forEach(ArrayList.java:1511)
	at org.testng.TestRunner.privateRun(TestRunner.java:829)
	at org.testng.TestRunner.run(TestRunner.java:602)
	at org.testng.SuiteRunner.runTest(SuiteRunner.java:437)
	at org.testng.SuiteRunner.runSequentially(SuiteRunner.java:431)
	at org.testng.SuiteRunner.privateRun(SuiteRunner.java:391)
	at org.testng.SuiteRunner.run(SuiteRunner.java:330)
	at org.testng.SuiteRunnerWorker.runSuite(SuiteRunnerWorker.java:52)
	at org.testng.SuiteRunnerWorker.run(SuiteRunnerWorker.java:95)
	at org.testng.TestNG.runSuitesSequentially(TestNG.java:1256)
	at org.testng.TestNG.runSuitesLocally(TestNG.java:1176)
	at org.testng.TestNG.runSuites(TestNG.java:1099)
	at org.testng.TestNG.run(TestNG.java:1067)
	at org.testng.remote.AbstractRemoteTestNG.run(AbstractRemoteTestNG.java:115)
	at org.testng.remote.RemoteTestNG.initAndRun(RemoteTestNG.java:293)
	at org.testng.remote.RemoteTestNG.main(RemoteTestNG.java:91)
</pre></div><a href='#' onClick='toggleBox("stack-trace35984028", this, "Click to show all stack frames", "Click to hide stack frames")'>Click to show all stack frames</a>
<div class='stack-trace' id='stack-trace35984028'><pre>com.taskmanager.exception.TaskValidationException: Title is required.
	at com.taskmanager.util.TaskValidator.validate(TaskValidator.java:11)
	at com.taskmanager.service.TaskService.validateTask(TaskService.java:57)
	at com.taskmanager.service.TaskService.createTask(TaskService.java:16)
	at com.taskmanager.service.TaskServiceTests.testCreateTaskWithEmptyTitleThrows(TaskServiceTests.java:86)
	at java.base/jdk.internal.reflect.NativeMethodAccessorImpl.invoke0(Native Method)
	at java.base/jdk.internal.reflect.NativeMethodAccessorImpl.invoke(NativeMethodAccessorImpl.java:77)
	at java.base/jdk.internal.reflect.DelegatingMethodAccessorImpl.invoke(DelegatingMethodAccessorImpl.java:43)
	at java.base/java.lang.reflect.Method.invoke(Method.java:568)
	at org.testng.internal.invokers.MethodInvocationHelper.invokeMethod(MethodInvocationHelper.java:139)
	at org.testng.internal.invokers.TestInvoker.invokeMethod(TestInvoker.java:677)
	at org.testng.internal.invokers.TestInvoker.invokeTestMethod(TestInvoker.java:221)
	at org.testng.internal.invokers.MethodRunner.runInSequence(MethodRunner.java:50)
	at org.testng.internal.invokers.TestInvoker$MethodInvocationAgent.invoke(TestInvoker.java:969)
	at org.testng.internal.invokers.TestInvoker.invokeTestMethods(TestInvoker.java:194)
	at org.testng.internal.invokers.TestMethodWorker.invokeTestMethods(TestMethodWorker.java:148)
	at org.testng.internal.invokers.TestMethodWorker.run(TestMethodWorker.java:128)
	at java.base/java.util.ArrayList.forEach(ArrayList.java:1511)
	at org.testng.TestRunner.privateRun(TestRunner.java:829)
	at org.testng.TestRunner.run(TestRunner.java:602)
	at org.testng.SuiteRunner.runTest(SuiteRunner.java:437)
	at org.testng.SuiteRunner.runSequentially(SuiteRunner.java:431)
	at org.testng.SuiteRunner.privateRun(SuiteRunner.java:391)
	at org.testng.SuiteRunner.run(SuiteRunner.java:330)
	at org.testng.SuiteRunnerWorker.runSuite(SuiteRunnerWorker.java:52)
	at org.testng.SuiteRunnerWorker.run(SuiteRunnerWorker.java:95)
	at org.testng.TestNG.runSuitesSequentially(TestNG.java:1256)
	at org.testng.TestNG.runSuitesLocally(TestNG.java:1176)
	at org.testng.TestNG.runSuites(TestNG.java:1099)
	at org.testng.TestNG.run(TestNG.java:1067)
	at org.testng.remote.AbstractRemoteTestNG.run(AbstractRemoteTestNG.java:115)
	at org.testng.remote.RemoteTestNG.initAndRun(RemoteTestNG.java:293)
	at org.testng.remote.RemoteTestNG.main(RemoteTestNG.java:91)
</pre></div></td>
<td>0</td>
<td>com.taskmanager.service.TaskServiceTests@1a5b6f42</td></tr>
<tr>
<td title='com.taskmanager.util.DateValidatorTest.testParseDate()'><b>testParseDate</b><br>Test class: com.taskmanager.util.DateValidatorTest<br>Parameters: 2025-10-10, true</td>
<td></td>
<td>0</td>
<td>com.taskmanager.util.DateValidatorTest@a8ef162</td></tr>
<tr>
<td title='com.taskmanager.service.TaskServiceTests.testDueDateValidation()'><b>testDueDateValidation</b><br>Test class: com.taskmanager.service.TaskServiceTests<br>Parameters: 2025-10-04, false</td>
<td></td>
<td>0</td>
<td>com.taskmanager.service.TaskServiceTests@1a5b6f42</td></tr>
<tr>
<td title='com.taskmanager.util.DateValidatorTest.testParseDate()'><b>testParseDate</b><br>Test class: com.taskmanager.util.DateValidatorTest<br>Parameters: 2025-02-29, false</td>
<td></td>
<td>0</td>
<td>com.taskmanager.util.DateValidatorTest@a8ef162</td></tr>
<tr>
<td title='com.taskmanager.service.TaskServiceTests.testGetTasksByStatusReturnsCorrectList()'><b>testGetTasksByStatusReturnsCorrectList</b><br>Test class: com.taskmanager.service.TaskServiceTests</td>
<td></td>
<td>0</td>
<td>com.taskmanager.service.TaskServiceTests@1a5b6f42</td></tr>
<tr>
<td title='com.taskmanager.util.DateValidatorTest.testParseDate()'><b>testParseDate</b><br>Test class: com.taskmanager.util.DateValidatorTest<br>Parameters: invalid-date, false</td>
<td></td>
<td>0</td>
<td>com.taskmanager.util.DateValidatorTest@a8ef162</td></tr>
</table><p>
</body>
</html>